<?xml version="1.0" encoding="UTF-8"?>
<!-- Generated by org.testng.reporters.JUnitReportReporter -->
<testsuite hostname="DESKTOP-9FCV4L7" failures="0" tests="1" name="AdminTests.AddNewCatagoryTests" time="159.821" errors="0" timestamp="2024-02-01T11:33:17 IST" skipped="0">
  <testcase classname="AdminTests.AddNewCatagoryTests" name="verifyAddNewCatagory" time="159.821"/>
  <system-out/>
</testsuite> <!-- AdminTests.AddNewCatagoryTests -->
