<?xml version="1.0" encoding="UTF-8"?>
<!-- Generated by org.testng.reporters.JUnitReportReporter -->
<testsuite hostname="DESKTOP-9FCV4L7" failures="0" tests="1" name="AdminTests.AddNewProductTests" time="165.124" errors="0" timestamp="2024-01-31T19:39:53 IST" skipped="0">
  <testcase classname="AdminTests.AddNewProductTests" name="verifyAddNewProduct" time="165.124"/>
  <system-out/>
</testsuite> <!-- AdminTests.AddNewProductTests -->
